{"numTotalTestSuites":65,"numPassedTestSuites":65,"numFailedTestSuites":0,"numPendingTestSuites":0,"numTotalTests":133,"numPassedTests":133,"numFailedTests":0,"numPendingTests":0,"numTodoTests":0,"snapshot":{"added":0,"failure":false,"filesAdded":0,"filesRemoved":0,"filesRemovedList":[],"filesUnmatched":0,"filesUpdated":0,"matched":0,"total":0,"unchecked":0,"uncheckedKeysByFile":[],"unmatched":0,"updated":0,"didUpdate":false},"startTime":1771162888297,"success":true,"testResults":[{"assertionResults":[{"ancestorTitles":["updateUserStatusWithDeps"],"fullName":"updateUserStatusWithDeps creates user if not exists","status":"passed","title":"creates user if not exists","duration":5.495800000000145,"failureMessages":[],"meta":{}},{"ancestorTitles":["updateUserStatusWithDeps"],"fullName":"updateUserStatusWithDeps updates existing user","status":"passed","title":"updates existing user","duration":0.929700000000139,"failureMessages":[],"meta":{}},{"ancestorTitles":["updateUserStatusWithDeps"],"fullName":"updateUserStatusWithDeps creates audit log on success","status":"passed","title":"creates audit log on success","duration":0.5583999999998923,"failureMessages":[],"meta":{}},{"ancestorTitles":["updateUserStatusWithDeps"],"fullName":"updateUserStatusWithDeps creates notification for user","status":"passed","title":"creates notification for user","duration":0.6703999999999724,"failureMessages":[],"meta":{}},{"ancestorTitles":["updateUserStatusWithDeps"],"fullName":"updateUserStatusWithDeps creates warning record for non-active status","status":"passed","title":"creates warning record for non-active status","duration":0.6442999999999302,"failureMessages":[],"meta":{}},{"ancestorTitles":["updateUserStatusWithDeps"],"fullName":"updateUserStatusWithDeps auto-bans when suspension count reaches policy limit","status":"passed","title":"auto-bans when suspension count reaches policy limit","duration":1.2331999999996697,"failureMessages":[],"meta":{}},{"ancestorTitles":["updateUserStatusWithDeps"],"fullName":"updateUserStatusWithDeps does not create warning record when activating","status":"passed","title":"does not create warning record when activating","duration":0.40319999999974243,"failureMessages":[],"meta":{}},{"ancestorTitles":["updateUserStatusWithDeps"],"fullName":"updateUserStatusWithDeps logs failure on error","status":"passed","title":"logs failure on error","duration":8.002199999999903,"failureMessages":[],"meta":{}},{"ancestorTitles":["issueWarningWithDeps"],"fullName":"issueWarningWithDeps throws when user not found","status":"passed","title":"throws when user not found","duration":0.9639999999999418,"failureMessages":[],"meta":{}},{"ancestorTitles":["issueWarningWithDeps"],"fullName":"issueWarningWithDeps increments warning count when below policy threshold","status":"passed","title":"increments warning count when below policy threshold","duration":0.8061999999999898,"failureMessages":[],"meta":{}},{"ancestorTitles":["issueWarningWithDeps"],"fullName":"issueWarningWithDeps creates warning record","status":"passed","title":"creates warning record","duration":0.5117000000000189,"failureMessages":[],"meta":{}},{"ancestorTitles":["issueWarningWithDeps"],"fullName":"issueWarningWithDeps notifies user","status":"passed","title":"notifies user","duration":0.596599999999853,"failureMessages":[],"meta":{}},{"ancestorTitles":["issueWarningWithDeps"],"fullName":"issueWarningWithDeps auto-suspends for 7 days when warning count reaches 3","status":"passed","title":"auto-suspends for 7 days when warning count reaches 3","duration":25.146299999999883,"failureMessages":[],"meta":{}},{"ancestorTitles":["issueWarningWithDeps"],"fullName":"issueWarningWithDeps auto-bans when warning threshold is hit and user was suspended before","status":"passed","title":"auto-bans when warning threshold is hit and user was suspended before","duration":0.9517000000000735,"failureMessages":[],"meta":{}}],"startTime":1771162890933,"endTime":1771162890980.9517,"status":"passed","message":"","name":"D:/RMU-Campus X/lib/__tests__/admin-user-actions.test.ts"},{"assertionResults":[{"ancestorTitles":["API Validation Types","Schema Validation"],"fullName":"API Validation Types Schema Validation should validate valid input","status":"passed","title":"should validate valid input","duration":3.305900000000065,"failureMessages":[],"meta":{}},{"ancestorTitles":["API Validation Types","Schema Validation"],"fullName":"API Validation Types Schema Validation should reject invalid email","status":"passed","title":"should reject invalid email","duration":1.1024999999999636,"failureMessages":[],"meta":{}},{"ancestorTitles":["API Validation Types","Schema Validation"],"fullName":"API Validation Types Schema Validation should reject missing required fields","status":"passed","title":"should reject missing required fields","duration":1.6248000000000502,"failureMessages":[],"meta":{}},{"ancestorTitles":["API Validation Types","Schema Validation"],"fullName":"API Validation Types Schema Validation should accept optional fields","status":"passed","title":"should accept optional fields","duration":0.6912999999999556,"failureMessages":[],"meta":{}},{"ancestorTitles":["API Validation Types","Schema Validation"],"fullName":"API Validation Types Schema Validation should strip extra fields","status":"passed","title":"should strip extra fields","duration":0.5652000000000044,"failureMessages":[],"meta":{}},{"ancestorTitles":["API Validation Types","Error Formatting"],"fullName":"API Validation Types Error Formatting should format errors with field paths","status":"passed","title":"should format errors with field paths","duration":0.8994999999999891,"failureMessages":[],"meta":{}},{"ancestorTitles":["API Validation Types","Error Formatting"],"fullName":"API Validation Types Error Formatting should handle nested field paths","status":"passed","title":"should handle nested field paths","duration":0.6873999999997977,"failureMessages":[],"meta":{}},{"ancestorTitles":["API Validation Types","Authentication Token Handling"],"fullName":"API Validation Types Authentication Token Handling should extract bearer token from header","status":"passed","title":"should extract bearer token from header","duration":0.8652999999999338,"failureMessages":[],"meta":{}},{"ancestorTitles":["API Validation Types","Authentication Token Handling"],"fullName":"API Validation Types Authentication Token Handling should return null for missing header","status":"passed","title":"should return null for missing header","duration":0.3913000000000011,"failureMessages":[],"meta":{}}],"startTime":1771162890074,"endTime":1771162890085.3914,"status":"passed","message":"","name":"D:/RMU-Campus X/lib/__tests__/api-validation.test.ts"},{"assertionResults":[{"ancestorTitles":["Auth Utilities","validateRMUEmail"],"fullName":"Auth Utilities validateRMUEmail should return true for student email (12 digits)","status":"passed","title":"should return true for student email (12 digits)","duration":2.3290000000001783,"failureMessages":[],"meta":{}},{"ancestorTitles":["Auth Utilities","validateRMUEmail"],"fullName":"Auth Utilities validateRMUEmail should return true for lecturer/staff email (letters)","status":"passed","title":"should return true for lecturer/staff email (letters)","duration":0.31369999999992615,"failureMessages":[],"meta":{}},{"ancestorTitles":["Auth Utilities","validateRMUEmail"],"fullName":"Auth Utilities validateRMUEmail should return false for non-RMU domain","status":"passed","title":"should return false for non-RMU domain","duration":0.4717000000000553,"failureMessages":[],"meta":{}},{"ancestorTitles":["Auth Utilities","validateRMUEmail"],"fullName":"Auth Utilities validateRMUEmail should return false for empty string","status":"passed","title":"should return false for empty string","duration":0.22270000000003165,"failureMessages":[],"meta":{}},{"ancestorTitles":["Auth Utilities","validateRMUEmail"],"fullName":"Auth Utilities validateRMUEmail should return false for email without @","status":"passed","title":"should return false for email without @","duration":0.13649999999984175,"failureMessages":[],"meta":{}},{"ancestorTitles":["Auth Utilities","validateRMUEmail"],"fullName":"Auth Utilities validateRMUEmail should return false for similar but wrong domain","status":"passed","title":"should return false for similar but wrong domain","duration":0.1690000000000964,"failureMessages":[],"meta":{}}],"startTime":1771162891936,"endTime":1771162891940.169,"status":"passed","message":"","name":"D:/RMU-Campus X/lib/__tests__/auth.test.ts"},{"assertionResults":[{"ancestorTitles":["cloudinary-url"],"fullName":"cloudinary-url passes through non-cloudinary absolute URLs","status":"passed","title":"passes through non-cloudinary absolute URLs","duration":0.9156000000000404,"failureMessages":[],"meta":{}},{"ancestorTitles":["cloudinary-url"],"fullName":"cloudinary-url passes through local public asset paths","status":"passed","title":"passes through local public asset paths","duration":0.1790000000000873,"failureMessages":[],"meta":{}},{"ancestorTitles":["cloudinary-url"],"fullName":"cloudinary-url injects auto optimization for legacy Cloudinary delivery URLs","status":"passed","title":"injects auto optimization for legacy Cloudinary delivery URLs","duration":0.16280000000006112,"failureMessages":[],"meta":{}},{"ancestorTitles":["cloudinary-url"],"fullName":"cloudinary-url does not transform absolute URL values in imagePublicIds","status":"passed","title":"does not transform absolute URL values in imagePublicIds","duration":0.23469999999997526,"failureMessages":[],"meta":{}}],"startTime":1771162892702,"endTime":1771162892703.2346,"status":"passed","message":"","name":"D:/RMU-Campus X/lib/__tests__/cloudinary-url.test.ts"},{"assertionResults":[{"ancestorTitles":["Database Functions","Pagination Helper"],"fullName":"Database Functions Pagination Helper should calculate hasMore correctly when items equal pageSize","status":"passed","title":"should calculate hasMore correctly when items equal pageSize","duration":1.283200000000079,"failureMessages":[],"meta":{}},{"ancestorTitles":["Database Functions","Pagination Helper"],"fullName":"Database Functions Pagination Helper should calculate hasMore correctly when items less than pageSize","status":"passed","title":"should calculate hasMore correctly when items less than pageSize","duration":0.2337999999999738,"failureMessages":[],"meta":{}},{"ancestorTitles":["Database Functions","Query Building"],"fullName":"Database Functions Query Building should chunk arrays correctly for Firestore in() limit","status":"passed","title":"should chunk arrays correctly for Firestore in() limit","duration":1.534199999999828,"failureMessages":[],"meta":{}},{"ancestorTitles":["Security Utilities","Input Validation"],"fullName":"Security Utilities Input Validation should sanitize HTML in text input","status":"passed","title":"should sanitize HTML in text input","duration":0.5041999999998552,"failureMessages":[],"meta":{}},{"ancestorTitles":["Security Utilities","Input Validation"],"fullName":"Security Utilities Input Validation should validate email format","status":"passed","title":"should validate email format","duration":0.46859999999992397,"failureMessages":[],"meta":{}},{"ancestorTitles":["Security Utilities","Input Validation"],"fullName":"Security Utilities Input Validation should validate RMU email (student or staff @rmu.ac.th)","status":"passed","title":"should validate RMU email (student or staff @rmu.ac.th)","duration":0.33189999999990505,"failureMessages":[],"meta":{}},{"ancestorTitles":["Security Utilities","Rate Limit Logic"],"fullName":"Security Utilities Rate Limit Logic should track request counts correctly","status":"passed","title":"should track request counts correctly","duration":1.8006000000000313,"failureMessages":[],"meta":{}}],"startTime":1771162890009,"endTime":1771162890015.8005,"status":"passed","message":"","name":"D:/RMU-Campus X/lib/__tests__/db.test.ts"},{"assertionResults":[{"ancestorTitles":["Exchange State Machine","normalizeExchangePhaseStatus"],"fullName":"Exchange State Machine normalizeExchangePhaseStatus maps legacy accepted to in_progress","status":"passed","title":"maps legacy accepted to in_progress","duration":1.4429999999999836,"failureMessages":[],"meta":{}},{"ancestorTitles":["Exchange State Machine","normalizeExchangePhaseStatus"],"fullName":"Exchange State Machine normalizeExchangePhaseStatus keeps canonical statuses unchanged","status":"passed","title":"keeps canonical statuses unchanged","duration":0.31009999999992033,"failureMessages":[],"meta":{}},{"ancestorTitles":["Exchange State Machine","isValidTransition"],"fullName":"Exchange State Machine isValidTransition allows pending -> in_progress","status":"passed","title":"allows pending -> in_progress","duration":0.26320000000009713,"failureMessages":[],"meta":{}},{"ancestorTitles":["Exchange State Machine","isValidTransition"],"fullName":"Exchange State Machine isValidTransition allows pending -> rejected","status":"passed","title":"allows pending -> rejected","duration":0.18450000000007094,"failureMessages":[],"meta":{}},{"ancestorTitles":["Exchange State Machine","isValidTransition"],"fullName":"Exchange State Machine isValidTransition allows pending -> cancelled","status":"passed","title":"allows pending -> cancelled","duration":0.15820000000007894,"failureMessages":[],"meta":{}},{"ancestorTitles":["Exchange State Machine","isValidTransition"],"fullName":"Exchange State Machine isValidTransition keeps legacy accepted -> in_progress","status":"passed","title":"keeps legacy accepted -> in_progress","duration":0.10269999999991342,"failureMessages":[],"meta":{}},{"ancestorTitles":["Exchange State Machine","isValidTransition"],"fullName":"Exchange State Machine isValidTransition allows in_progress -> completed","status":"passed","title":"allows in_progress -> completed","duration":0.11860000000001492,"failureMessages":[],"meta":{}},{"ancestorTitles":["Exchange State Machine","isValidTransition"],"fullName":"Exchange State Machine isValidTransition does not allow pending -> accepted anymore","status":"passed","title":"does not allow pending -> accepted anymore","duration":0.12999999999988177,"failureMessages":[],"meta":{}},{"ancestorTitles":["Exchange State Machine","isValidTransition"],"fullName":"Exchange State Machine isValidTransition does not allow skipping states (pending -> completed)","status":"passed","title":"does not allow skipping states (pending -> completed)","duration":0.13809999999989486,"failureMessages":[],"meta":{}},{"ancestorTitles":["Exchange State Machine","isTerminalStatus"],"fullName":"Exchange State Machine isTerminalStatus returns true for terminal statuses","status":"passed","title":"returns true for terminal statuses","duration":0.22159999999985303,"failureMessages":[],"meta":{}},{"ancestorTitles":["Exchange State Machine","isTerminalStatus"],"fullName":"Exchange State Machine isTerminalStatus returns false for active statuses","status":"passed","title":"returns false for active statuses","duration":0.11419999999998254,"failureMessages":[],"meta":{}},{"ancestorTitles":["Exchange State Machine","getNextStatuses"],"fullName":"Exchange State Machine getNextStatuses returns valid next statuses for pending","status":"passed","title":"returns valid next statuses for pending","duration":1.7276999999999134,"failureMessages":[],"meta":{}},{"ancestorTitles":["Exchange State Machine","getNextStatuses"],"fullName":"Exchange State Machine getNextStatuses returns empty for terminal statuses","status":"passed","title":"returns empty for terminal statuses","duration":0.7947000000001481,"failureMessages":[],"meta":{}},{"ancestorTitles":["Exchange State Machine","validateTransition"],"fullName":"Exchange State Machine validateTransition returns null for valid transition","status":"passed","title":"returns null for valid transition","duration":0.23739999999997963,"failureMessages":[],"meta":{}},{"ancestorTitles":["Exchange State Machine","validateTransition"],"fullName":"Exchange State Machine validateTransition returns null for same status","status":"passed","title":"returns null for same status","duration":0.09740000000010696,"failureMessages":[],"meta":{}},{"ancestorTitles":["Exchange State Machine","validateTransition"],"fullName":"Exchange State Machine validateTransition returns error message for invalid transition","status":"passed","title":"returns error message for invalid transition","duration":0.1431999999999789,"failureMessages":[],"meta":{}},{"ancestorTitles":["Exchange State Machine","validateTransition"],"fullName":"Exchange State Machine validateTransition returns error message for terminal state","status":"passed","title":"returns error message for terminal state","duration":0.08479999999985921,"failureMessages":[],"meta":{}},{"ancestorTitles":["Exchange State Machine","getAllowedActions"],"fullName":"Exchange State Machine getAllowedActions allows owner to accept/reject pending exchange","status":"passed","title":"allows owner to accept/reject pending exchange","duration":0.4053999999998723,"failureMessages":[],"meta":{}},{"ancestorTitles":["Exchange State Machine","getAllowedActions"],"fullName":"Exchange State Machine getAllowedActions allows requester to cancel pending exchange","status":"passed","title":"allows requester to cancel pending exchange","duration":0.2037000000000262,"failureMessages":[],"meta":{}},{"ancestorTitles":["Exchange State Machine","getAllowedActions"],"fullName":"Exchange State Machine getAllowedActions allows both parties to cancel/confirm in_progress exchange","status":"passed","title":"allows both parties to cancel/confirm in_progress exchange","duration":0.28510000000005675,"failureMessages":[],"meta":{}},{"ancestorTitles":["Exchange State Machine","getAllowedActions"],"fullName":"Exchange State Machine getAllowedActions keeps legacy accepted behavior","status":"passed","title":"keeps legacy accepted behavior","duration":0.20129999999994652,"failureMessages":[],"meta":{}},{"ancestorTitles":["Exchange State Machine","constants"],"fullName":"Exchange State Machine constants has labels for all statuses","status":"passed","title":"has labels for all statuses","duration":0.2620999999999185,"failureMessages":[],"meta":{}},{"ancestorTitles":["Exchange State Machine","constants"],"fullName":"Exchange State Machine constants has transition map for all statuses","status":"passed","title":"has transition map for all statuses","duration":0.3529000000000906,"failureMessages":[],"meta":{}}],"startTime":1771162890111,"endTime":1771162890120.3528,"status":"passed","message":"","name":"D:/RMU-Campus X/lib/__tests__/exchange-state-machine.test.ts"},{"assertionResults":[{"ancestorTitles":["deleteItemAsOwner"],"fullName":"deleteItemAsOwner throws when item is missing","status":"passed","title":"throws when item is missing","duration":2.232400000000098,"failureMessages":[],"meta":{}},{"ancestorTitles":["deleteItemAsOwner"],"fullName":"deleteItemAsOwner deletes item and cleans cloudinary resources","status":"passed","title":"deletes item and cleans cloudinary resources","duration":2.4984000000001743,"failureMessages":[],"meta":{}}],"startTime":1771162891716,"endTime":1771162891720.4983,"status":"passed","message":"","name":"D:/RMU-Campus X/lib/__tests__/item-deletion.test.ts"},{"assertionResults":[{"ancestorTitles":["Rate Limit Utilities","formatCooldownTime"],"fullName":"Rate Limit Utilities formatCooldownTime should format seconds correctly","status":"passed","title":"should format seconds correctly","duration":1.8938000000000557,"failureMessages":[],"meta":{}},{"ancestorTitles":["Rate Limit Utilities","formatCooldownTime"],"fullName":"Rate Limit Utilities formatCooldownTime should format minutes correctly","status":"passed","title":"should format minutes correctly","duration":0.3193999999998596,"failureMessages":[],"meta":{}},{"ancestorTitles":["Rate Limit Utilities","formatCooldownTime"],"fullName":"Rate Limit Utilities formatCooldownTime should round up seconds","status":"passed","title":"should round up seconds","duration":0.10379999999986467,"failureMessages":[],"meta":{}},{"ancestorTitles":["Rate Limit Utilities","recordAction and isOnCooldown"],"fullName":"Rate Limit Utilities recordAction and isOnCooldown should record action and set cooldown","status":"passed","title":"should record action and set cooldown","duration":0.48469999999997526,"failureMessages":[],"meta":{}},{"ancestorTitles":["Rate Limit Utilities","recordAction and isOnCooldown"],"fullName":"Rate Limit Utilities recordAction and isOnCooldown should return remaining cooldown correctly","status":"passed","title":"should return remaining cooldown correctly","duration":0.4309000000000651,"failureMessages":[],"meta":{}},{"ancestorTitles":["Rate Limit Utilities","getRemainingCooldown"],"fullName":"Rate Limit Utilities getRemainingCooldown should return 0 for unknown action","status":"passed","title":"should return 0 for unknown action","duration":0.18489999999997053,"failureMessages":[],"meta":{}},{"ancestorTitles":["Rate Limit Utilities","getRemainingCooldown"],"fullName":"Rate Limit Utilities getRemainingCooldown should return 0 for user without recorded action","status":"passed","title":"should return 0 for user without recorded action","duration":0.2556999999999334,"failureMessages":[],"meta":{}}],"startTime":1771162892328,"endTime":1771162892332.431,"status":"passed","message":"","name":"D:/RMU-Campus X/lib/__tests__/rate-limit.test.ts"},{"assertionResults":[{"ancestorTitles":["createReport"],"fullName":"createReport throws when reported user cannot be resolved","status":"passed","title":"throws when reported user cannot be resolved","duration":2.4950000000001182,"failureMessages":[],"meta":{}},{"ancestorTitles":["createReport"],"fullName":"createReport creates report and notifies admins","status":"passed","title":"creates report and notifies admins","duration":4.711999999999989,"failureMessages":[],"meta":{}}],"startTime":1771162891761,"endTime":1771162891767.712,"status":"passed","message":"","name":"D:/RMU-Campus X/lib/__tests__/report-service.test.ts"},{"assertionResults":[{"ancestorTitles":["Security Utilities","sanitizeHtml"],"fullName":"Security Utilities sanitizeHtml should escape HTML characters","status":"passed","title":"should escape HTML characters","duration":1.43100000000004,"failureMessages":[],"meta":{}},{"ancestorTitles":["Security Utilities","sanitizeHtml"],"fullName":"Security Utilities sanitizeHtml should handle empty input","status":"passed","title":"should handle empty input","duration":0.2902999999998883,"failureMessages":[],"meta":{}},{"ancestorTitles":["Security Utilities","sanitizeHtml"],"fullName":"Security Utilities sanitizeHtml should escape all dangerous characters","status":"passed","title":"should escape all dangerous characters","duration":0.1957999999999629,"failureMessages":[],"meta":{}},{"ancestorTitles":["Security Utilities","sanitizeText"],"fullName":"Security Utilities sanitizeText should trim whitespace","status":"passed","title":"should trim whitespace","duration":0.28520000000003165,"failureMessages":[],"meta":{}},{"ancestorTitles":["Security Utilities","sanitizeText"],"fullName":"Security Utilities sanitizeText should remove null bytes","status":"passed","title":"should remove null bytes","duration":0.1753000000001066,"failureMessages":[],"meta":{}},{"ancestorTitles":["Security Utilities","sanitizeText"],"fullName":"Security Utilities sanitizeText should remove control characters","status":"passed","title":"should remove control characters","duration":0.10960000000000036,"failureMessages":[],"meta":{}},{"ancestorTitles":["Security Utilities","isValidRMUEmail"],"fullName":"Security Utilities isValidRMUEmail should accept student email (12 digits)","status":"passed","title":"should accept student email (12 digits)","duration":0.22649999999998727,"failureMessages":[],"meta":{}},{"ancestorTitles":["Security Utilities","isValidRMUEmail"],"fullName":"Security Utilities isValidRMUEmail should accept lecturer/staff email (letters)","status":"passed","title":"should accept lecturer/staff email (letters)","duration":0.22689999999988686,"failureMessages":[],"meta":{}},{"ancestorTitles":["Security Utilities","isValidRMUEmail"],"fullName":"Security Utilities isValidRMUEmail should reject invalid formats","status":"passed","title":"should reject invalid formats","duration":0.169399999999996,"failureMessages":[],"meta":{}},{"ancestorTitles":["Security Utilities","isValidEmail"],"fullName":"Security Utilities isValidEmail should accept valid emails","status":"passed","title":"should accept valid emails","duration":0.34019999999986794,"failureMessages":[],"meta":{}},{"ancestorTitles":["Security Utilities","isValidEmail"],"fullName":"Security Utilities isValidEmail should reject invalid emails","status":"passed","title":"should reject invalid emails","duration":0.17799999999988358,"failureMessages":[],"meta":{}},{"ancestorTitles":["Security Utilities","truncateString"],"fullName":"Security Utilities truncateString should truncate long strings","status":"passed","title":"should truncate long strings","duration":0.13400000000001455,"failureMessages":[],"meta":{}},{"ancestorTitles":["Security Utilities","truncateString"],"fullName":"Security Utilities truncateString should not truncate short strings","status":"passed","title":"should not truncate short strings","duration":0.07439999999996871,"failureMessages":[],"meta":{}},{"ancestorTitles":["Security Utilities","truncateString"],"fullName":"Security Utilities truncateString should handle edge cases","status":"passed","title":"should handle edge cases","duration":0.12550000000010186,"failureMessages":[],"meta":{}},{"ancestorTitles":["Security Utilities","sanitizeUrl"],"fullName":"Security Utilities sanitizeUrl should accept valid URLs","status":"passed","title":"should accept valid URLs","duration":0.2794000000001233,"failureMessages":[],"meta":{}},{"ancestorTitles":["Security Utilities","sanitizeUrl"],"fullName":"Security Utilities sanitizeUrl should reject dangerous protocols","status":"passed","title":"should reject dangerous protocols","duration":0.11930000000006658,"failureMessages":[],"meta":{}},{"ancestorTitles":["Security Utilities","sanitizeUrl"],"fullName":"Security Utilities sanitizeUrl should reject invalid URLs","status":"passed","title":"should reject invalid URLs","duration":0.14949999999998909,"failureMessages":[],"meta":{}},{"ancestorTitles":["Security Utilities","hasSuspiciousPatterns"],"fullName":"Security Utilities hasSuspiciousPatterns should detect XSS patterns","status":"passed","title":"should detect XSS patterns","duration":0.4069999999999254,"failureMessages":[],"meta":{}},{"ancestorTitles":["Security Utilities","hasSuspiciousPatterns"],"fullName":"Security Utilities hasSuspiciousPatterns should not flag normal text","status":"passed","title":"should not flag normal text","duration":0.15929999999980282,"failureMessages":[],"meta":{}},{"ancestorTitles":["Security Utilities","sanitizeFilename"],"fullName":"Security Utilities sanitizeFilename should remove dangerous characters","status":"passed","title":"should remove dangerous characters","duration":0.189200000000028,"failureMessages":[],"meta":{}},{"ancestorTitles":["Security Utilities","sanitizeFilename"],"fullName":"Security Utilities sanitizeFilename should limit length","status":"passed","title":"should limit length","duration":0.09000000000014552,"failureMessages":[],"meta":{}},{"ancestorTitles":["Security Utilities","sanitizeFilename"],"fullName":"Security Utilities sanitizeFilename should handle empty input","status":"passed","title":"should handle empty input","duration":0.06439999999997781,"failureMessages":[],"meta":{}},{"ancestorTitles":["Security Utilities","generateSafeId"],"fullName":"Security Utilities generateSafeId should generate ID of specified length","status":"passed","title":"should generate ID of specified length","duration":2.2472000000000207,"failureMessages":[],"meta":{}},{"ancestorTitles":["Security Utilities","generateSafeId"],"fullName":"Security Utilities generateSafeId should only contain alphanumeric characters","status":"passed","title":"should only contain alphanumeric characters","duration":0.2314000000001215,"failureMessages":[],"meta":{}},{"ancestorTitles":["Security Utilities","generateSafeId"],"fullName":"Security Utilities generateSafeId should generate unique IDs","status":"passed","title":"should generate unique IDs","duration":0.9855999999999767,"failureMessages":[],"meta":{}},{"ancestorTitles":["Security Utilities","isValidIntegerInRange"],"fullName":"Security Utilities isValidIntegerInRange should validate integers in range","status":"passed","title":"should validate integers in range","duration":0.24489999999991596,"failureMessages":[],"meta":{}},{"ancestorTitles":["Security Utilities","isValidIntegerInRange"],"fullName":"Security Utilities isValidIntegerInRange should reject values outside range","status":"passed","title":"should reject values outside range","duration":0.11089999999990141,"failureMessages":[],"meta":{}},{"ancestorTitles":["Security Utilities","isValidIntegerInRange"],"fullName":"Security Utilities isValidIntegerInRange should reject non-integers","status":"passed","title":"should reject non-integers","duration":0.10220000000003893,"failureMessages":[],"meta":{}},{"ancestorTitles":["Security Utilities","sanitizeObject"],"fullName":"Security Utilities sanitizeObject should sanitize nested strings","status":"passed","title":"should sanitize nested strings","duration":0.4418000000000575,"failureMessages":[],"meta":{}},{"ancestorTitles":["Security Utilities","sanitizeObject"],"fullName":"Security Utilities sanitizeObject should sanitize arrays","status":"passed","title":"should sanitize arrays","duration":0.9936999999999898,"failureMessages":[],"meta":{}}],"startTime":1771162890064,"endTime":1771162890075.9937,"status":"passed","message":"","name":"D:/RMU-Campus X/lib/__tests__/security.test.ts"},{"assertionResults":[{"ancestorTitles":["Utils","cn (classnames utility)"],"fullName":"Utils cn (classnames utility) should merge class names correctly","status":"passed","title":"should merge class names correctly","duration":8.329700000000003,"failureMessages":[],"meta":{}},{"ancestorTitles":["Utils","cn (classnames utility)"],"fullName":"Utils cn (classnames utility) should handle conditional classes","status":"passed","title":"should handle conditional classes","duration":0.2821999999998752,"failureMessages":[],"meta":{}},{"ancestorTitles":["Utils","cn (classnames utility)"],"fullName":"Utils cn (classnames utility) should handle undefined and null values","status":"passed","title":"should handle undefined and null values","duration":0.23890000000005784,"failureMessages":[],"meta":{}},{"ancestorTitles":["Utils","cn (classnames utility)"],"fullName":"Utils cn (classnames utility) should handle empty strings","status":"passed","title":"should handle empty strings","duration":0.20499999999992724,"failureMessages":[],"meta":{}},{"ancestorTitles":["Utils","cn (classnames utility)"],"fullName":"Utils cn (classnames utility) should merge Tailwind classes correctly","status":"passed","title":"should merge Tailwind classes correctly","duration":1.5242000000000644,"failureMessages":[],"meta":{}},{"ancestorTitles":["Utils","cn (classnames utility)"],"fullName":"Utils cn (classnames utility) should handle arrays of classes","status":"passed","title":"should handle arrays of classes","duration":0.24420000000009168,"failureMessages":[],"meta":{}},{"ancestorTitles":["Utils","cn (classnames utility)"],"fullName":"Utils cn (classnames utility) should handle objects for conditional classes","status":"passed","title":"should handle objects for conditional classes","duration":0.23700000000008004,"failureMessages":[],"meta":{}}],"startTime":1771162890065,"endTime":1771162890076.5242,"status":"passed","message":"","name":"D:/RMU-Campus X/lib/__tests__/utils.test.ts"},{"assertionResults":[{"ancestorTitles":["ExchangeStepIndicator"],"fullName":"ExchangeStepIndicator renders pending with no completed checkmarks","status":"passed","title":"renders pending with no completed checkmarks","duration":37.863200000000006,"failureMessages":[],"meta":{}},{"ancestorTitles":["ExchangeStepIndicator"],"fullName":"ExchangeStepIndicator renders in_progress with first step completed","status":"passed","title":"renders in_progress with first step completed","duration":13.549399999999878,"failureMessages":[],"meta":{}},{"ancestorTitles":["ExchangeStepIndicator"],"fullName":"ExchangeStepIndicator maps legacy accepted to in_progress visuals","status":"passed","title":"maps legacy accepted to in_progress visuals","duration":10.3433,"failureMessages":[],"meta":{}},{"ancestorTitles":["ExchangeStepIndicator"],"fullName":"ExchangeStepIndicator renders completed with all steps checked","status":"passed","title":"renders completed with all steps checked","duration":11.474099999999908,"failureMessages":[],"meta":{}},{"ancestorTitles":["ExchangeStepIndicator"],"fullName":"ExchangeStepIndicator shows waiting message while in_progress and one side confirmed","status":"passed","title":"shows waiting message while in_progress and one side confirmed","duration":13.050200000000132,"failureMessages":[],"meta":{}},{"ancestorTitles":["ExchangeStepIndicator"],"fullName":"ExchangeStepIndicator hides waiting message when completed","status":"passed","title":"hides waiting message when completed","duration":8.550600000000031,"failureMessages":[],"meta":{}}],"startTime":1771162890404,"endTime":1771162890498.5505,"status":"passed","message":"","name":"D:/RMU-Campus X/components/exchange/__tests__/exchange-step-indicator.test.tsx"},{"assertionResults":[{"ancestorTitles":["Authentication","validateRMUEmail"],"fullName":"Authentication validateRMUEmail should accept student email (12 digits)","status":"passed","title":"should accept student email (12 digits)","duration":2.2373000000000047,"failureMessages":[],"meta":{}},{"ancestorTitles":["Authentication","validateRMUEmail"],"fullName":"Authentication validateRMUEmail should accept lecturer/staff email (letters)","status":"passed","title":"should accept lecturer/staff email (letters)","duration":0.48910000000000764,"failureMessages":[],"meta":{}},{"ancestorTitles":["Authentication","validateRMUEmail"],"fullName":"Authentication validateRMUEmail should reject non-RMU domain","status":"passed","title":"should reject non-RMU domain","duration":0.7753999999999905,"failureMessages":[],"meta":{}},{"ancestorTitles":["Authentication","validateRMUEmail"],"fullName":"Authentication validateRMUEmail should reject empty string","status":"passed","title":"should reject empty string","duration":0.29129999999986467,"failureMessages":[],"meta":{}},{"ancestorTitles":["Authentication","validateRMUEmail"],"fullName":"Authentication validateRMUEmail should accept domain case-insensitively","status":"passed","title":"should accept domain case-insensitively","duration":0.24059999999985848,"failureMessages":[],"meta":{}},{"ancestorTitles":["Registration Schema"],"fullName":"Registration Schema should validate password length >= 6","status":"passed","title":"should validate password length >= 6","duration":1.753099999999904,"failureMessages":[],"meta":{}},{"ancestorTitles":["Registration Schema"],"fullName":"Registration Schema should require matching password confirmation","status":"passed","title":"should require matching password confirmation","duration":0.49949999999989814,"failureMessages":[],"meta":{}},{"ancestorTitles":["Registration Schema"],"fullName":"Registration Schema should require valid email format","status":"passed","title":"should require valid email format","duration":0.77800000000002,"failureMessages":[],"meta":{}}],"startTime":1771162891883,"endTime":1771162891890.778,"status":"passed","message":"","name":"D:/RMU-Campus X/__tests__/unit/lib/auth.test.ts"},{"assertionResults":[{"ancestorTitles":["parseItemFromFirestore"],"fullName":"parseItemFromFirestore parses Firebase Timestamp fields without throwing","status":"passed","title":"parses Firebase Timestamp fields without throwing","duration":2.7642000000000735,"failureMessages":[],"meta":{}},{"ancestorTitles":["parseItemFromFirestore"],"fullName":"parseItemFromFirestore returns fallback dates for malformed timestamp-like data instead of throwing","status":"passed","title":"returns fallback dates for malformed timestamp-like data instead of throwing","duration":0.6615000000001601,"failureMessages":[],"meta":{}}],"startTime":1771162892334,"endTime":1771162892336.7642,"status":"passed","message":"","name":"D:/RMU-Campus X/__tests__/unit/lib/schemas-firestore.test.ts"},{"assertionResults":[{"ancestorTitles":["Storage - Image Validation","validateImageFile"],"fullName":"Storage - Image Validation validateImageFile should accept valid JPEG image","status":"passed","title":"should accept valid JPEG image","duration":2.1634999999998854,"failureMessages":[],"meta":{}},{"ancestorTitles":["Storage - Image Validation","validateImageFile"],"fullName":"Storage - Image Validation validateImageFile should accept valid PNG image","status":"passed","title":"should accept valid PNG image","duration":0.4517000000000735,"failureMessages":[],"meta":{}},{"ancestorTitles":["Storage - Image Validation","validateImageFile"],"fullName":"Storage - Image Validation validateImageFile should reject WebP image (only JPG/PNG allowed)","status":"passed","title":"should reject WebP image (only JPG/PNG allowed)","duration":0.6436000000001059,"failureMessages":[],"meta":{}},{"ancestorTitles":["Storage - Image Validation","validateImageFile"],"fullName":"Storage - Image Validation validateImageFile should reject GIF image (only JPG/PNG allowed)","status":"passed","title":"should reject GIF image (only JPG/PNG allowed)","duration":0.6903999999999542,"failureMessages":[],"meta":{}},{"ancestorTitles":["Storage - Image Validation","validateImageFile"],"fullName":"Storage - Image Validation validateImageFile should reject non-image files","status":"passed","title":"should reject non-image files","duration":0.5413999999998396,"failureMessages":[],"meta":{}},{"ancestorTitles":["Storage - Image Validation","validateImageFile"],"fullName":"Storage - Image Validation validateImageFile should reject files larger than 10MB","status":"passed","title":"should reject files larger than 10MB","duration":0.4819999999999709,"failureMessages":[],"meta":{}}],"startTime":1771162891628,"endTime":1771162891633.5415,"status":"passed","message":"","name":"D:/RMU-Campus X/__tests__/unit/lib/storage.test.ts"}]}