{"numTotalTestSuites":4,"numPassedTestSuites":4,"numFailedTestSuites":0,"numPendingTestSuites":0,"numTotalTests":8,"numPassedTests":8,"numFailedTests":0,"numPendingTests":0,"numTodoTests":0,"snapshot":{"added":0,"failure":false,"filesAdded":0,"filesRemoved":0,"filesRemovedList":[],"filesUnmatched":0,"filesUpdated":0,"matched":0,"total":0,"unchecked":0,"uncheckedKeysByFile":[],"unmatched":0,"updated":0,"didUpdate":false},"startTime":1771149128159,"success":true,"testResults":[{"assertionResults":[{"ancestorTitles":["Authentication","validateRMUEmail"],"fullName":"Authentication validateRMUEmail should accept student email (12 digits)","status":"passed","title":"should accept student email (12 digits)","duration":1.9519000000000233,"failureMessages":[],"meta":{}},{"ancestorTitles":["Authentication","validateRMUEmail"],"fullName":"Authentication validateRMUEmail should accept lecturer/staff email (letters)","status":"passed","title":"should accept lecturer/staff email (letters)","duration":0.2559999999998581,"failureMessages":[],"meta":{}},{"ancestorTitles":["Authentication","validateRMUEmail"],"fullName":"Authentication validateRMUEmail should reject non-RMU domain","status":"passed","title":"should reject non-RMU domain","duration":0.6480999999998858,"failureMessages":[],"meta":{}},{"ancestorTitles":["Authentication","validateRMUEmail"],"fullName":"Authentication validateRMUEmail should reject empty string","status":"passed","title":"should reject empty string","duration":0.16650000000004184,"failureMessages":[],"meta":{}},{"ancestorTitles":["Authentication","validateRMUEmail"],"fullName":"Authentication validateRMUEmail should accept domain case-insensitively","status":"passed","title":"should accept domain case-insensitively","duration":0.10999999999989996,"failureMessages":[],"meta":{}},{"ancestorTitles":["Registration Schema"],"fullName":"Registration Schema should validate password length >= 6","status":"passed","title":"should validate password length >= 6","duration":1.0144000000000233,"failureMessages":[],"meta":{}},{"ancestorTitles":["Registration Schema"],"fullName":"Registration Schema should require matching password confirmation","status":"passed","title":"should require matching password confirmation","duration":0.27289999999993597,"failureMessages":[],"meta":{}},{"ancestorTitles":["Registration Schema"],"fullName":"Registration Schema should require valid email format","status":"passed","title":"should require valid email format","duration":0.4420999999999822,"failureMessages":[],"meta":{}}],"startTime":1771149129480,"endTime":1771149129485.4421,"status":"passed","message":"","name":"D:/RMU-Campus X/__tests__/unit/lib/auth.test.ts"}]}